<?xml version="1.0" encoding="utf-8"?><testsuites name="pytest tests"><testsuite name="pytest" errors="0" failures="0" skipped="0" tests="34" time="5.332" timestamp="2026-05-17T17:21:58.042870+00:00" hostname="agent-env-f3be2ec0-058a-4e8b-923d-e3367a115806"><testcase classname="backend.tests.test_members_and_admin" name="test_root" time="0.383" /><testcase classname="backend.tests.test_members_and_admin" name="test_admin_login_works" time="0.311" /><testcase classname="backend.tests.test_members_and_admin" name="test_admin_me" time="0.049" /><testcase classname="backend.tests.test_members_and_admin" name="test_member_register_returns_token_and_profile" time="0.277" /><testcase classname="backend.tests.test_members_and_admin" name="test_member_register_duplicate_email_409" time="0.051" /><testcase classname="backend.tests.test_members_and_admin" name="test_member_login_success" time="0.273" /><testcase classname="backend.tests.test_members_and_admin" name="test_member_login_bad_password" time="0.273" /><testcase classname="backend.tests.test_members_and_admin" name="test_member_me" time="0.050" /><testcase classname="backend.tests.test_members_and_admin" name="test_member_update_profile" time="0.097" /><testcase classname="backend.tests.test_members_and_admin" name="test_member_change_password_wrong_current" time="0.276" /><testcase classname="backend.tests.test_members_and_admin" name="test_member_change_password_then_login" time="1.038" /><testcase classname="backend.tests.test_members_and_admin" name="test_member_subscribe_pending" time="0.053" /><testcase classname="backend.tests.test_members_and_admin" name="test_member_subscribe_student_requires_school" time="0.055" /><testcase classname="backend.tests.test_members_and_admin" name="test_admin_token_rejected_on_member_endpoint" time="0.053" /><testcase classname="backend.tests.test_members_and_admin" name="test_member_token_rejected_on_admin_endpoint" time="0.098" /><testcase classname="backend.tests.test_members_and_admin" name="test_member_endpoints_require_token" time="0.053" /><testcase classname="backend.tests.test_members_and_admin" name="test_admin_list_members" time="0.061" /><testcase classname="backend.tests.test_members_and_admin" name="test_admin_list_members_filter_pending" time="0.051" /><testcase classname="backend.tests.test_members_and_admin" name="test_admin_get_member" time="0.051" /><testcase classname="backend.tests.test_members_and_admin" name="test_admin_approve_member" time="0.163" /><testcase classname="backend.tests.test_members_and_admin" name="test_admin_reject_member" time="0.376" /><testcase classname="backend.tests.test_members_and_admin" name="test_admin_delete_member" time="0.389" /><testcase classname="backend.tests.test_members_and_admin" name="test_admin_stats_includes_member_fields" time="0.053" /><testcase classname="backend.tests.test_members_and_admin" name="test_public_lists[/events]" time="0.050" /><testcase classname="backend.tests.test_members_and_admin" name="test_public_lists[/news]" time="0.051" /><testcase classname="backend.tests.test_members_and_admin" name="test_public_lists[/exec-team]" time="0.062" /><testcase classname="backend.tests.test_members_and_admin" name="test_public_lists[/gallery]" time="0.062" /><testcase classname="backend.tests.test_members_and_admin" name="test_public_lists[/sponsors]" time="0.060" /><testcase classname="backend.tests.test_members_and_admin" name="test_public_lists[/membership-plans]" time="0.050" /><testcase classname="backend.tests.test_members_and_admin" name="test_public_lists[/programs]" time="0.056" /><testcase classname="backend.tests.test_members_and_admin" name="test_public_lists[/past-presidents]" time="0.049" /><testcase classname="backend.tests.test_members_and_admin" name="test_public_lists[/awardees]" time="0.050" /><testcase classname="backend.tests.test_members_and_admin" name="test_admin_events_crud" time="0.165" /><testcase classname="backend.tests.test_members_and_admin" name="test_cleanup_test_member" time="0.048" /></testsuite></testsuites>