<?xml version="1.0" encoding="utf-8"?><testsuites name="pytest tests"><testsuite name="pytest" errors="0" failures="0" skipped="0" tests="17" time="6.697" timestamp="2026-05-19T12:01:33.741638+00:00" hostname="agent-env-f3be2ec0-058a-4e8b-923d-e3367a115806"><testcase classname="backend.tests.test_phase5_pricing.TestPricingPrecedence" name="test_non_member_eb_active" time="0.847" /><testcase classname="backend.tests.test_phase5_pricing.TestPricingPrecedence" name="test_active_member_no_eb_window" time="0.734" /><testcase classname="backend.tests.test_phase5_pricing.TestPricingPrecedence" name="test_eb_takes_precedence_over_member" time="0.341" /><testcase classname="backend.tests.test_phase5_pricing.TestPricingPrecedence" name="test_regular_price_when_neither_applies" time="0.411" /><testcase classname="backend.tests.test_phase5_pricing.TestPricingPrecedence" name="test_expired_eb_falls_to_member" time="0.325" /><testcase classname="backend.tests.test_phase5_pricing.TestPricingPrecedence" name="test_expired_eb_non_member_falls_to_regular" time="0.327" /><testcase classname="backend.tests.test_phase5_pricing.TestPromoCodes" name="test_valid_promo_applies_discount" time="0.336" /><testcase classname="backend.tests.test_phase5_pricing.TestPromoCodes" name="test_amount_promo" time="0.458" /><testcase classname="backend.tests.test_phase5_pricing.TestPromoCodes" name="test_invalid_promo_code" time="0.341" /><testcase classname="backend.tests.test_phase5_pricing.TestPromoCodes" name="test_promo_max_uses_exhausted" time="0.325" /><testcase classname="backend.tests.test_phase5_pricing.TestPromoCodes" name="test_validate_promo_valid" time="0.321" /><testcase classname="backend.tests.test_phase5_pricing.TestPromoCodes" name="test_validate_promo_invalid" time="0.324" /><testcase classname="backend.tests.test_phase5_pricing.TestMemberRenewal" name="test_renew_active_extends_end_date" time="0.244" /><testcase classname="backend.tests.test_phase5_pricing.TestMemberRenewal" name="test_renew_no_plan_returns_400" time="0.538" /><testcase classname="backend.tests.test_phase5_pricing.TestAdminEventRoundtrip" name="test_create_and_get_with_new_fields" time="0.314" /><testcase classname="backend.tests.test_phase5_pricing.TestLegacyEvents" name="test_legacy_event_without_new_fields_purchase" time="0.346" /><testcase classname="backend.tests.test_phase5_pricing.TestLegacyEvents" name="test_seeded_events_still_load" time="0.096" /></testsuite></testsuites>