<?xml version="1.0" encoding="utf-8"?><testsuites name="pytest tests"><testsuite name="pytest" errors="0" failures="0" skipped="0" tests="14" time="2.407" timestamp="2026-05-19T10:47:34.874288+00:00" hostname="agent-env-f3be2ec0-058a-4e8b-923d-e3367a115806"><testcase classname="backend.tests.test_phase3_cms" name="test_event_categories_list" time="0.150" /><testcase classname="backend.tests.test_phase3_cms" name="test_event_category_by_slug" time="0.047" /><testcase classname="backend.tests.test_phase3_cms" name="test_event_category_unknown_slug_404" time="0.045" /><testcase classname="backend.tests.test_phase3_cms" name="test_difi_awards_list_sorted_by_year_desc" time="0.060" /><testcase classname="backend.tests.test_phase3_cms" name="test_constitution_list_sorted_by_order" time="0.044" /><testcase classname="backend.tests.test_phase3_cms" name="test_membership_plans_nested_tiers" time="0.047" /><testcase classname="backend.tests.test_phase3_cms" name="test_admin_event_categories_crud" time="0.650" /><testcase classname="backend.tests.test_phase3_cms" name="test_admin_difi_awards_crud" time="0.326" /><testcase classname="backend.tests.test_phase3_cms" name="test_admin_constitution_crud" time="0.319" /><testcase classname="backend.tests.test_phase3_cms" name="test_admin_endpoints_require_auth[event-categories]" time="0.088" /><testcase classname="backend.tests.test_phase3_cms" name="test_admin_endpoints_require_auth[difi-awards]" time="0.087" /><testcase classname="backend.tests.test_phase3_cms" name="test_admin_endpoints_require_auth[constitution]" time="0.088" /><testcase classname="backend.tests.test_phase3_cms" name="test_inactive_event_category_hidden" time="0.135" /><testcase classname="backend.tests.test_phase3_cms" name="test_existing_endpoints_preserved" time="0.226" /></testsuite></testsuites>