<?xml version="1.0" encoding="utf-8"?><testsuites name="pytest tests"><testsuite name="pytest" errors="0" failures="0" skipped="0" tests="19" time="2.888" timestamp="2026-05-19T11:05:53.763811+00:00" hostname="agent-env-f3be2ec0-058a-4e8b-923d-e3367a115806"><testcase classname="backend.tests.test_phase4_wiring.TestPublicReads" name="test_gallery_returns_list" time="0.125" /><testcase classname="backend.tests.test_phase4_wiring.TestPublicReads" name="test_sponsors_grouped_data" time="0.105" /><testcase classname="backend.tests.test_phase4_wiring.TestPublicReads" name="test_donors_have_year_and_amount" time="0.104" /><testcase classname="backend.tests.test_phase4_wiring.TestPublicReads" name="test_programs_list_has_4" time="0.107" /><testcase classname="backend.tests.test_phase4_wiring.TestPublicReads" name="test_program_detail_has_intro_initiatives_impact[charity]" time="0.115" /><testcase classname="backend.tests.test_phase4_wiring.TestPublicReads" name="test_program_detail_has_intro_initiatives_impact[education]" time="0.101" /><testcase classname="backend.tests.test_phase4_wiring.TestPublicReads" name="test_program_detail_has_intro_initiatives_impact[community-service]" time="0.118" /><testcase classname="backend.tests.test_phase4_wiring.TestClassifiedsApprovalFlow" name="test_list_only_returns_approved" time="0.104" /><testcase classname="backend.tests.test_phase4_wiring.TestClassifiedsApprovalFlow" name="test_post_creates_pending_then_admin_approves_publishes" time="0.885" /><testcase classname="backend.tests.test_phase4_wiring.TestClassifiedsApprovalFlow" name="test_admin_approve_requires_auth" time="0.100" /><testcase classname="backend.tests.test_phase4_wiring.TestPledgesAndSponsorInquiries" name="test_donation_post" time="0.098" /><testcase classname="backend.tests.test_phase4_wiring.TestPledgesAndSponsorInquiries" name="test_donation_validates_email" time="0.100" /><testcase classname="backend.tests.test_phase4_wiring.TestPledgesAndSponsorInquiries" name="test_sponsorship_inquiry_post" time="0.113" /><testcase classname="backend.tests.test_phase4_wiring.TestPledgesAndSponsorInquiries" name="test_sponsorship_inquiry_validates_email" time="0.102" /><testcase classname="backend.tests.test_phase4_wiring.TestNoMongoIdLeak" name="test_no_id_in_lists[/gallery]" time="0.101" /><testcase classname="backend.tests.test_phase4_wiring.TestNoMongoIdLeak" name="test_no_id_in_lists[/sponsors]" time="0.108" /><testcase classname="backend.tests.test_phase4_wiring.TestNoMongoIdLeak" name="test_no_id_in_lists[/donors]" time="0.100" /><testcase classname="backend.tests.test_phase4_wiring.TestNoMongoIdLeak" name="test_no_id_in_lists[/classifieds]" time="0.109" /><testcase classname="backend.tests.test_phase4_wiring.TestNoMongoIdLeak" name="test_no_id_in_lists[/programs]" time="0.098" /></testsuite></testsuites>