<?xml version="1.0" encoding="utf-8"?><testsuites name="pytest tests"><testsuite name="pytest" errors="0" failures="0" skipped="0" tests="19" time="3.057" timestamp="2026-05-19T10:28:34.267798+00:00" hostname="agent-env-f3be2ec0-058a-4e8b-923d-e3367a115806"><testcase classname="backend.tests.test_home_cms" name="test_public_cms_lists[/hero-slides-1]" time="0.145" /><testcase classname="backend.tests.test_home_cms" name="test_public_cms_lists[/feature-highlights-1]" time="0.049" /><testcase classname="backend.tests.test_home_cms" name="test_public_cms_lists[/testimonials-1]" time="0.045" /><testcase classname="backend.tests.test_home_cms" name="test_public_cms_lists[/site-stats-1]" time="0.048" /><testcase classname="backend.tests.test_home_cms" name="test_public_hero_slides_sorted_by_order" time="0.046" /><testcase classname="backend.tests.test_home_cms" name="test_public_feature_highlights_sorted_by_order" time="0.046" /><testcase classname="backend.tests.test_home_cms" name="test_public_testimonials_sorted_by_order" time="0.044" /><testcase classname="backend.tests.test_home_cms" name="test_public_site_stats_sorted_by_order" time="0.044" /><testcase classname="backend.tests.test_home_cms" name="test_events_featured_limit_filter" time="0.609" /><testcase classname="backend.tests.test_home_cms" name="test_admin_hero_slides_crud" time="0.319" /><testcase classname="backend.tests.test_home_cms" name="test_admin_feature_highlights_crud" time="0.365" /><testcase classname="backend.tests.test_home_cms" name="test_admin_testimonials_crud" time="0.312" /><testcase classname="backend.tests.test_home_cms" name="test_admin_site_stats_crud" time="0.315" /><testcase classname="backend.tests.test_home_cms" name="test_inactive_hero_slide_hidden_from_public" time="0.137" /><testcase classname="backend.tests.test_home_cms" name="test_site_settings_preserved" time="0.047" /><testcase classname="backend.tests.test_home_cms" name="test_admin_endpoints_require_auth[hero-slides]" time="0.086" /><testcase classname="backend.tests.test_home_cms" name="test_admin_endpoints_require_auth[feature-highlights]" time="0.128" /><testcase classname="backend.tests.test_home_cms" name="test_admin_endpoints_require_auth[testimonials]" time="0.087" /><testcase classname="backend.tests.test_home_cms" name="test_admin_endpoints_require_auth[site-stats]" time="0.088" /></testsuite></testsuites>